<?xml version="1.0" encoding="UTF-8"?>
<!-- Generated by org.testng.reporters.JUnitReportReporter -->
<testsuite skipped="0" hostname="PC327537" name="patchMethod" tests="1" failures="0" timestamp="31 Jan 2020 09:38:22 GMT" time="4.296" errors="0">
  <testcase name="patchScenario" time="4.296" classname="patchMethod"/>
</testsuite> <!-- patchMethod -->
