<?xml version="1.0" encoding="UTF-8"?>
<!-- Generated by org.testng.reporters.JUnitReportReporter -->
<testsuite skipped="0" hostname="PC327537" name="restTest.putMethod" tests="1" failures="0" timestamp="31 Jan 2020 15:47:21 GMT" time="0.822" errors="0">
  <testcase name="putScenario" time="0.822" classname="restTest.putMethod"/>
</testsuite> <!-- restTest.putMethod -->
