<?xml version="1.0" encoding="UTF-8"?>
<!-- Generated by org.testng.reporters.JUnitReportReporter -->
<testsuite skipped="0" hostname="PC327537" name="restTest.getMethod" tests="1" failures="0" timestamp="31 Jan 2020 15:47:21 GMT" time="4.432" errors="0">
  <testcase name="GetBookingIds_VerifyStatusCode" time="4.432" classname="restTest.getMethod"/>
</testsuite> <!-- restTest.getMethod -->
