<?xml version="1.0" encoding="UTF-8"?>
<!-- Generated by org.testng.reporters.JUnitReportReporter -->
<testsuite skipped="0" hostname="PC327537" name="restTest.patchMethod" tests="1" failures="0" timestamp="31 Jan 2020 15:47:21 GMT" time="0.816" errors="0">
  <testcase name="patchScenario" time="0.816" classname="restTest.patchMethod"/>
</testsuite> <!-- restTest.patchMethod -->
