<?xml version="1.0" encoding="UTF-8"?>
<!-- Generated by org.testng.reporters.JUnitReportReporter -->
<testsuite skipped="0" hostname="PC327537" name="restTest.postMethod" tests="1" failures="0" timestamp="31 Jan 2020 15:47:21 GMT" time="0.698" errors="0">
  <testcase name="postMethodSample" time="0.698" classname="restTest.postMethod"/>
</testsuite> <!-- restTest.postMethod -->
