<?xml version="1.0" encoding="UTF-8"?>
<!-- Generated by org.testng.reporters.JUnitReportReporter -->
<testsuite skipped="0" hostname="PC327537" name="getMethod" tests="1" failures="0" timestamp="31 Jan 2020 09:38:22 GMT" time="0.517" errors="0">
  <testcase name="GetBookingIds_VerifyStatusCode" time="0.517" classname="getMethod"/>
</testsuite> <!-- getMethod -->
