<?xml version="1.0" encoding="UTF-8"?>
<!-- Generated by org.testng.reporters.JUnitReportReporter -->
<testsuite skipped="0" hostname="PC327537" name="postMethod" tests="1" failures="0" timestamp="31 Jan 2020 09:38:22 GMT" time="0.856" errors="0">
  <testcase name="postMethodSample" time="0.856" classname="postMethod"/>
</testsuite> <!-- postMethod -->
